<?xml version="1.0" encoding="UTF-8"?>
<testsuite name="ru.mail.techpark.ExampleUnitTest" tests="1" skipped="0" failures="0" errors="0" timestamp="2020-10-06T17:28:25" hostname="DESKTOP-31VCAQJ" time="0.002">
  <properties/>
  <testcase name="addition_isCorrect" classname="ru.mail.techpark.ExampleUnitTest" time="0.002"/>
  <system-out><![CDATA[]]></system-out>
  <system-err><![CDATA[]]></system-err>
</testsuite>
